[INFO] Scanning for projects...
[INFO]                                                                         
[INFO] ------------------------------------------------------------------------
[INFO] Building storm-demo-webapp 1.0.0-SNAPSHOT
[INFO] ------------------------------------------------------------------------
[INFO] 
[INFO] >>> jetty-maven-plugin:9.0.6.v20130930:run (default-cli) @ storm-demo-webapp >>>
[INFO] 
[INFO] --- maven-resources-plugin:2.5:resources (default-resources) @ storm-demo-webapp ---
[debug] execute contextualize
[INFO] Using 'UTF-8' encoding to copy filtered resources.
[INFO] Copying 4 resources
[INFO] 
[INFO] --- maven-compiler-plugin:2.3.2:compile (default-compile) @ storm-demo-webapp ---
[INFO] Nothing to compile - all classes are up to date
[INFO] 
[INFO] --- maven-resources-plugin:2.5:testResources (default-testResources) @ storm-demo-webapp ---
[debug] execute contextualize
[INFO] Using 'UTF-8' encoding to copy filtered resources.
[INFO] Copying 0 resource
[INFO] 
[INFO] --- maven-compiler-plugin:2.3.2:testCompile (default-testCompile) @ storm-demo-webapp ---
[INFO] Nothing to compile - all classes are up to date
[INFO] 
[INFO] <<< jetty-maven-plugin:9.0.6.v20130930:run (default-cli) @ storm-demo-webapp <<<
[INFO] 
[INFO] --- jetty-maven-plugin:9.0.6.v20130930:run (default-cli) @ storm-demo-webapp ---
[INFO] Configuring Jetty for project: storm-demo-webapp
[INFO] webAppSourceDirectory not set. Trying src/main/webapp
[INFO] Reload Mechanic: automatic
[INFO] Classes = /Users/gvetticaden/Dropbox/Hortonworks/Development/Git/storm-demo-webapp/storm-demo-webapp/target/classes
[INFO] Context path = /storm-demo-web-app
[INFO] Tmp directory = /Users/gvetticaden/Dropbox/Hortonworks/Development/Git/storm-demo-webapp/storm-demo-webapp/target/tmp
[INFO] Web defaults = org/eclipse/jetty/webapp/webdefault.xml
[INFO] Web overrides =  none
[INFO] web.xml file = null
[INFO] Webapp directory = /Users/gvetticaden/Dropbox/Hortonworks/Development/Git/storm-demo-webapp/storm-demo-webapp/src/main/webapp
2014-05-04 19:40:08.037:INFO:oejs.Server:main: jetty-9.0.6.v20130930
2014-05-04 19:40:18.369:INFO:/storm-demo-web-app:main: Spring WebApplicationInitializers detected on classpath: [poc.hortonworks.storm.config.DispatcherServletInitializer@31de002d, poc.hortonworks.storm.config.WebSecurityInitializer@65dda3ee]
2014-05-04 19:40:18.767:INFO:/storm-demo-web-app:main: Initializing Spring root WebApplicationContext
2014-05-04 19:40:19.314:INFO:/storm-demo-web-app:main: Initializing Spring FrameworkServlet 'dispatcher'
2014-05-04 19:40:19.800 java[3512:1903] Unable to load realm info from SCDynamicStore
